09/24/2025 03:26:36 PM - CANDY Logger - INFO - Epoch 0, TRAIN
1_step_mse: 0.16268
2_steps_mse: 0.16692
3_steps_mse: 0.17150
4_steps_mse: 0.17635
reg_loss: 0.24259, scale_l2: 0.00500
contrastive_loss: 9.02082, contrastive_scale: 0.10000
model_loss: 0.67745, total_loss: 0.92004

09/24/2025 03:26:50 PM - CANDY Logger - INFO - Epoch 0, VALID
1_step_mse: 0.15576
2_steps_mse: 0.15962
3_steps_mse: 0.16385
4_steps_mse: 0.16834
reg_loss: 0.23944, scale_l2: 0.00500
contrastive_loss: 7.51699, contrastive_scale: 0.10000
model_loss: 0.64758, total_loss: 0.88702

09/24/2025 03:29:06 PM - CANDY Logger - INFO - Epoch 1, TRAIN
1_step_mse: 0.14396
2_steps_mse: 0.14785
3_steps_mse: 0.15204
4_steps_mse: 0.15648
reg_loss: 0.23803, scale_l2: 0.00500
contrastive_loss: 7.28676, contrastive_scale: 0.10000
model_loss: 0.60034, total_loss: 0.83836

09/24/2025 03:29:21 PM - CANDY Logger - INFO - Epoch 1, VALID
1_step_mse: 0.13736
2_steps_mse: 0.14089
3_steps_mse: 0.14475
4_steps_mse: 0.14885
reg_loss: 0.23516, scale_l2: 0.00500
contrastive_loss: 6.96935, contrastive_scale: 0.10000
model_loss: 0.57184, total_loss: 0.80700

