09/24/2025 01:28:24 PM - CANDY Logger - INFO - Epoch 0, TRAIN
1_step_mse: 0.16697
2_steps_mse: 0.17122
3_steps_mse: 0.17581
4_steps_mse: 0.18067
reg_loss: 0.20684, scale_l2: 0.00500
contrastive_loss: 6.93899, contrastive_scale: 0.10000
model_loss: 0.69466, total_loss: 0.90150

09/24/2025 01:28:35 PM - CANDY Logger - INFO - Epoch 0, VALID
1_step_mse: 0.15813
2_steps_mse: 0.16199
3_steps_mse: 0.16620
4_steps_mse: 0.17067
reg_loss: 0.20375, scale_l2: 0.00500
contrastive_loss: 6.71566, contrastive_scale: 0.10000
model_loss: 0.65699, total_loss: 0.86074

09/24/2025 01:29:56 PM - CANDY Logger - INFO - Epoch 1, TRAIN
1_step_mse: 0.14764
2_steps_mse: 0.15153
3_steps_mse: 0.15572
4_steps_mse: 0.16015
reg_loss: 0.20230, scale_l2: 0.00500
contrastive_loss: 6.68518, contrastive_scale: 0.10000
model_loss: 0.61504, total_loss: 0.81734

09/24/2025 01:30:09 PM - CANDY Logger - INFO - Epoch 1, VALID
1_step_mse: 0.13714
2_steps_mse: 0.14059
3_steps_mse: 0.14436
4_steps_mse: 0.14835
reg_loss: 0.19938, scale_l2: 0.00500
contrastive_loss: 6.66804, contrastive_scale: 0.10000
model_loss: 0.57044, total_loss: 0.76982

09/24/2025 01:43:38 PM - CANDY Logger - INFO - Epoch 10, TRAIN
1_step_mse: 0.02141
2_steps_mse: 0.02111
3_steps_mse: 0.02083
4_steps_mse: 0.02060
reg_loss: 0.17002, scale_l2: 0.00500
contrastive_loss: 6.55411, contrastive_scale: 0.10000
model_loss: 0.08395, total_loss: 0.25397

09/24/2025 01:43:51 PM - CANDY Logger - INFO - Epoch 10, VALID
1_step_mse: 0.02275
2_steps_mse: 0.02258
3_steps_mse: 0.02240
4_steps_mse: 0.02229
reg_loss: 0.16784, scale_l2: 0.00500
contrastive_loss: 6.55450, contrastive_scale: 0.10000
model_loss: 0.09001, total_loss: 0.25785

09/24/2025 02:00:21 PM - CANDY Logger - INFO - Epoch 20, TRAIN
1_step_mse: 0.01822
2_steps_mse: 0.01775
3_steps_mse: 0.01727
4_steps_mse: 0.01683
reg_loss: 0.14427, scale_l2: 0.00500
contrastive_loss: 6.49992, contrastive_scale: 0.10000
model_loss: 0.07008, total_loss: 0.21436

09/24/2025 02:00:35 PM - CANDY Logger - INFO - Epoch 20, VALID
1_step_mse: 0.02074
2_steps_mse: 0.02043
3_steps_mse: 0.02010
4_steps_mse: 0.01982
reg_loss: 0.14290, scale_l2: 0.00500
contrastive_loss: 6.50599, contrastive_scale: 0.10000
model_loss: 0.08109, total_loss: 0.22399

09/24/2025 02:16:37 PM - CANDY Logger - INFO - Epoch 30, TRAIN
1_step_mse: 0.01816
2_steps_mse: 0.01774
3_steps_mse: 0.01731
4_steps_mse: 0.01693
reg_loss: 0.12665, scale_l2: 0.00500
contrastive_loss: 6.47556, contrastive_scale: 0.10000
model_loss: 0.07014, total_loss: 0.19679

09/24/2025 02:16:50 PM - CANDY Logger - INFO - Epoch 30, VALID
1_step_mse: 0.02038
2_steps_mse: 0.02009
3_steps_mse: 0.01979
4_steps_mse: 0.01954
reg_loss: 0.12573, scale_l2: 0.00500
contrastive_loss: 6.48376, contrastive_scale: 0.10000
model_loss: 0.07980, total_loss: 0.20553

09/24/2025 02:32:44 PM - CANDY Logger - INFO - Epoch 40, TRAIN
1_step_mse: 0.01834
2_steps_mse: 0.01792
3_steps_mse: 0.01750
4_steps_mse: 0.01713
reg_loss: 0.11463, scale_l2: 0.00500
contrastive_loss: 6.44834, contrastive_scale: 0.10000
model_loss: 0.07088, total_loss: 0.18552

09/24/2025 02:32:57 PM - CANDY Logger - INFO - Epoch 40, VALID
1_step_mse: 0.02048
2_steps_mse: 0.02018
3_steps_mse: 0.01986
4_steps_mse: 0.01960
reg_loss: 0.11392, scale_l2: 0.00500
contrastive_loss: 6.46622, contrastive_scale: 0.10000
model_loss: 0.08013, total_loss: 0.19405

09/24/2025 02:48:43 PM - CANDY Logger - INFO - Epoch 50, TRAIN
1_step_mse: 0.01817
2_steps_mse: 0.01772
3_steps_mse: 0.01727
4_steps_mse: 0.01686
reg_loss: 0.10577, scale_l2: 0.00500
contrastive_loss: 6.39534, contrastive_scale: 0.10000
model_loss: 0.07001, total_loss: 0.17578

09/24/2025 02:48:56 PM - CANDY Logger - INFO - Epoch 50, VALID
1_step_mse: 0.02047
2_steps_mse: 0.02018
3_steps_mse: 0.01987
4_steps_mse: 0.01962
reg_loss: 0.10525, scale_l2: 0.00500
contrastive_loss: 6.43739, contrastive_scale: 0.10000
model_loss: 0.08014, total_loss: 0.18539

09/24/2025 03:04:33 PM - CANDY Logger - INFO - Epoch 60, TRAIN
1_step_mse: 0.01827
2_steps_mse: 0.01786
3_steps_mse: 0.01744
4_steps_mse: 0.01706
reg_loss: 0.09905, scale_l2: 0.00500
contrastive_loss: 6.32371, contrastive_scale: 0.10000
model_loss: 0.07064, total_loss: 0.16969

09/24/2025 03:04:46 PM - CANDY Logger - INFO - Epoch 60, VALID
1_step_mse: 0.02030
2_steps_mse: 0.02003
3_steps_mse: 0.01974
4_steps_mse: 0.01951
reg_loss: 0.09866, scale_l2: 0.00500
contrastive_loss: 6.36692, contrastive_scale: 0.10000
model_loss: 0.07958, total_loss: 0.17823

slurmstepd: error: *** JOB 6269183 ON sh04-11n16 CANCELLED AT 2025-09-24T15:04:47 DUE TO PREEMPTION ***
