09/24/2025 03:25:12 PM - CANDY Logger - INFO - Epoch 0, TRAIN
1_step_mse: 0.16199
2_steps_mse: 0.16623
3_steps_mse: 0.17080
4_steps_mse: 0.17562
reg_loss: 0.22341, scale_l2: 0.00500
contrastive_loss: 7.69922, contrastive_scale: 0.10000
model_loss: 0.67463, total_loss: 0.89804

09/24/2025 03:25:24 PM - CANDY Logger - INFO - Epoch 0, VALID
1_step_mse: 0.15476
2_steps_mse: 0.15860
3_steps_mse: 0.16279
4_steps_mse: 0.16722
reg_loss: 0.22042, scale_l2: 0.00500
contrastive_loss: 6.75789, contrastive_scale: 0.10000
model_loss: 0.64336, total_loss: 0.86378

09/24/2025 03:27:09 PM - CANDY Logger - INFO - Epoch 1, TRAIN
1_step_mse: 0.14342
2_steps_mse: 0.14729
3_steps_mse: 0.15147
4_steps_mse: 0.15590
reg_loss: 0.21904, scale_l2: 0.00500
contrastive_loss: 6.73491, contrastive_scale: 0.10000
model_loss: 0.59808, total_loss: 0.81712

09/24/2025 03:27:23 PM - CANDY Logger - INFO - Epoch 1, VALID
1_step_mse: 0.13561
2_steps_mse: 0.13908
3_steps_mse: 0.14285
4_steps_mse: 0.14685
reg_loss: 0.21623, scale_l2: 0.00500
contrastive_loss: 6.69482, contrastive_scale: 0.10000
model_loss: 0.56440, total_loss: 0.78063

