09/24/2025 03:26:33 PM - CANDY Logger - INFO - Epoch 0, TRAIN
1_step_mse: 0.16172
2_steps_mse: 0.16598
3_steps_mse: 0.17058
4_steps_mse: 0.17544
reg_loss: 0.24345, scale_l2: 0.00500
contrastive_loss: 8.72353, contrastive_scale: 0.10000
model_loss: 0.67372, total_loss: 0.91717

09/24/2025 03:26:49 PM - CANDY Logger - INFO - Epoch 0, VALID
1_step_mse: 0.15507
2_steps_mse: 0.15894
3_steps_mse: 0.16316
4_steps_mse: 0.16764
reg_loss: 0.24002, scale_l2: 0.00500
contrastive_loss: 7.51884, contrastive_scale: 0.10000
model_loss: 0.64482, total_loss: 0.88483

09/24/2025 03:29:22 PM - CANDY Logger - INFO - Epoch 1, TRAIN
1_step_mse: 0.14485
2_steps_mse: 0.14872
3_steps_mse: 0.15291
4_steps_mse: 0.15735
reg_loss: 0.23846, scale_l2: 0.00500
contrastive_loss: 7.27470, contrastive_scale: 0.10000
model_loss: 0.60382, total_loss: 0.84228

09/24/2025 03:29:38 PM - CANDY Logger - INFO - Epoch 1, VALID
1_step_mse: 0.13761
2_steps_mse: 0.14115
3_steps_mse: 0.14502
4_steps_mse: 0.14912
reg_loss: 0.23532, scale_l2: 0.00500
contrastive_loss: 7.03152, contrastive_scale: 0.10000
model_loss: 0.57291, total_loss: 0.80823

