09/24/2025 03:26:30 PM - CANDY Logger - INFO - Epoch 0, TRAIN
1_step_mse: 0.16340
2_steps_mse: 0.16765
3_steps_mse: 0.17224
4_steps_mse: 0.17710
reg_loss: 0.21316, scale_l2: 0.00500
contrastive_loss: 6.85721, contrastive_scale: 0.10000
model_loss: 0.68039, total_loss: 0.89356

09/24/2025 03:26:48 PM - CANDY Logger - INFO - Epoch 0, VALID
1_step_mse: 0.15323
2_steps_mse: 0.15705
3_steps_mse: 0.16123
4_steps_mse: 0.16567
reg_loss: 0.21005, scale_l2: 0.00500
contrastive_loss: 6.63453, contrastive_scale: 0.10000
model_loss: 0.63718, total_loss: 0.84724

09/24/2025 03:29:24 PM - CANDY Logger - INFO - Epoch 1, TRAIN
1_step_mse: 0.14140
2_steps_mse: 0.14517
3_steps_mse: 0.14925
4_steps_mse: 0.15358
reg_loss: 0.20862, scale_l2: 0.00500
contrastive_loss: 6.65380, contrastive_scale: 0.10000
model_loss: 0.58940, total_loss: 0.79802

09/24/2025 03:29:42 PM - CANDY Logger - INFO - Epoch 1, VALID
1_step_mse: 0.13024
2_steps_mse: 0.13360
3_steps_mse: 0.13728
4_steps_mse: 0.14120
reg_loss: 0.20574, scale_l2: 0.00500
contrastive_loss: 6.64266, contrastive_scale: 0.10000
model_loss: 0.54231, total_loss: 0.74805

