09/24/2025 02:16:10 PM - CANDY Logger - INFO - Epoch 0, TRAIN
1_step_mse: 0.16170
2_steps_mse: 0.16594
3_steps_mse: 0.17052
4_steps_mse: 0.17537
reg_loss: 0.22162, scale_l2: 0.00500
contrastive_loss: 7.25357, contrastive_scale: 0.10000
model_loss: 0.67353, total_loss: 0.89516

09/24/2025 02:16:27 PM - CANDY Logger - INFO - Epoch 0, VALID
1_step_mse: 0.15468
2_steps_mse: 0.15853
3_steps_mse: 0.16274
4_steps_mse: 0.16721
reg_loss: 0.21852, scale_l2: 0.00500
contrastive_loss: 6.69857, contrastive_scale: 0.10000
model_loss: 0.64316, total_loss: 0.86169

09/24/2025 02:18:27 PM - CANDY Logger - INFO - Epoch 1, TRAIN
1_step_mse: 0.14218
2_steps_mse: 0.14606
3_steps_mse: 0.15025
4_steps_mse: 0.15467
reg_loss: 0.21710, scale_l2: 0.00500
contrastive_loss: 6.68579, contrastive_scale: 0.10000
model_loss: 0.59316, total_loss: 0.81027

09/24/2025 02:18:45 PM - CANDY Logger - INFO - Epoch 1, VALID
1_step_mse: 0.13482
2_steps_mse: 0.13830
3_steps_mse: 0.14211
4_steps_mse: 0.14616
reg_loss: 0.21424, scale_l2: 0.00500
contrastive_loss: 6.64058, contrastive_scale: 0.10000
model_loss: 0.56139, total_loss: 0.77562

09/24/2025 02:41:53 PM - CANDY Logger - INFO - Epoch 10, TRAIN
1_step_mse: 0.01976
2_steps_mse: 0.01952
3_steps_mse: 0.01930
4_steps_mse: 0.01912
reg_loss: 0.18622, scale_l2: 0.00500
contrastive_loss: 6.51088, contrastive_scale: 0.10000
model_loss: 0.07770, total_loss: 0.26392

09/24/2025 02:42:11 PM - CANDY Logger - INFO - Epoch 10, VALID
1_step_mse: 0.02211
2_steps_mse: 0.02206
3_steps_mse: 0.02201
4_steps_mse: 0.02203
reg_loss: 0.18406, scale_l2: 0.00500
contrastive_loss: 6.51710, contrastive_scale: 0.10000
model_loss: 0.08822, total_loss: 0.27227

09/24/2025 03:08:36 PM - CANDY Logger - INFO - Epoch 20, TRAIN
1_step_mse: 0.01828
2_steps_mse: 0.01785
3_steps_mse: 0.01742
4_steps_mse: 0.01703
reg_loss: 0.16115, scale_l2: 0.00500
contrastive_loss: 6.42957, contrastive_scale: 0.10000
model_loss: 0.07058, total_loss: 0.23174

09/24/2025 03:08:55 PM - CANDY Logger - INFO - Epoch 20, VALID
1_step_mse: 0.02044
2_steps_mse: 0.02013
3_steps_mse: 0.01981
4_steps_mse: 0.01954
reg_loss: 0.15981, scale_l2: 0.00500
contrastive_loss: 6.49001, contrastive_scale: 0.10000
model_loss: 0.07992, total_loss: 0.23974

