09/24/2025 02:03:29 PM - CANDY Logger - INFO - Epoch 0, TRAIN
1_step_mse: 0.16310
2_steps_mse: 0.16728
3_steps_mse: 0.17178
4_steps_mse: 0.17655
reg_loss: 0.21297, scale_l2: 0.00500
contrastive_loss: 7.21607, contrastive_scale: 0.10000
model_loss: 0.67872, total_loss: 0.89169

09/24/2025 02:03:39 PM - CANDY Logger - INFO - Epoch 0, VALID
1_step_mse: 0.15213
2_steps_mse: 0.15590
3_steps_mse: 0.16002
4_steps_mse: 0.16438
reg_loss: 0.21003, scale_l2: 0.00500
contrastive_loss: 6.75485, contrastive_scale: 0.10000
model_loss: 0.63244, total_loss: 0.84247

09/24/2025 02:04:43 PM - CANDY Logger - INFO - Epoch 1, TRAIN
1_step_mse: 0.13999
2_steps_mse: 0.14374
3_steps_mse: 0.14776
4_steps_mse: 0.15202
reg_loss: 0.20869, scale_l2: 0.00500
contrastive_loss: 6.73011, contrastive_scale: 0.10000
model_loss: 0.58350, total_loss: 0.79219

09/24/2025 02:04:52 PM - CANDY Logger - INFO - Epoch 1, VALID
1_step_mse: 0.12726
2_steps_mse: 0.13054
3_steps_mse: 0.13413
4_steps_mse: 0.13793
reg_loss: 0.20598, scale_l2: 0.00500
contrastive_loss: 6.67416, contrastive_scale: 0.10000
model_loss: 0.52985, total_loss: 0.73583

09/24/2025 02:15:56 PM - CANDY Logger - INFO - Epoch 10, TRAIN
1_step_mse: 0.01978
2_steps_mse: 0.01957
3_steps_mse: 0.01937
4_steps_mse: 0.01922
reg_loss: 0.17724, scale_l2: 0.00500
contrastive_loss: 6.53571, contrastive_scale: 0.10000
model_loss: 0.07793, total_loss: 0.25517

09/24/2025 02:16:06 PM - CANDY Logger - INFO - Epoch 10, VALID
1_step_mse: 0.02136
2_steps_mse: 0.02125
3_steps_mse: 0.02114
4_steps_mse: 0.02109
reg_loss: 0.17511, scale_l2: 0.00500
contrastive_loss: 6.55126, contrastive_scale: 0.10000
model_loss: 0.08483, total_loss: 0.25994

09/24/2025 02:28:49 PM - CANDY Logger - INFO - Epoch 20, TRAIN
1_step_mse: 0.01837
2_steps_mse: 0.01794
3_steps_mse: 0.01749
4_steps_mse: 0.01708
reg_loss: 0.15219, scale_l2: 0.00500
contrastive_loss: 6.45288, contrastive_scale: 0.10000
model_loss: 0.07088, total_loss: 0.22308

09/24/2025 02:28:59 PM - CANDY Logger - INFO - Epoch 20, VALID
1_step_mse: 0.02067
2_steps_mse: 0.02033
3_steps_mse: 0.01996
4_steps_mse: 0.01964
reg_loss: 0.15089, scale_l2: 0.00500
contrastive_loss: 6.49064, contrastive_scale: 0.10000
model_loss: 0.08061, total_loss: 0.23150

09/24/2025 02:42:09 PM - CANDY Logger - INFO - Epoch 30, TRAIN
1_step_mse: 0.01826
2_steps_mse: 0.01781
3_steps_mse: 0.01735
4_steps_mse: 0.01693
reg_loss: 0.13522, scale_l2: 0.00500
contrastive_loss: 6.38145, contrastive_scale: 0.10000
model_loss: 0.07035, total_loss: 0.20557

09/24/2025 02:42:20 PM - CANDY Logger - INFO - Epoch 30, VALID
1_step_mse: 0.02044
2_steps_mse: 0.02014
3_steps_mse: 0.01983
4_steps_mse: 0.01958
reg_loss: 0.13433, scale_l2: 0.00500
contrastive_loss: 6.41875, contrastive_scale: 0.10000
model_loss: 0.07999, total_loss: 0.21432

slurmstepd: error: *** JOB 6269194 ON sh04-09n13 CANCELLED AT 2025-09-24T14:50:07 DUE TO PREEMPTION ***
