09/24/2025 02:14:53 PM - CANDY Logger - INFO - Epoch 0, TRAIN
1_step_mse: 0.15972
2_steps_mse: 0.16394
3_steps_mse: 0.16849
4_steps_mse: 0.17329
reg_loss: 0.23333, scale_l2: 0.00500
contrastive_loss: 8.51750, contrastive_scale: 0.10000
model_loss: 0.66543, total_loss: 0.89876

09/24/2025 02:15:06 PM - CANDY Logger - INFO - Epoch 0, VALID
1_step_mse: 0.15233
2_steps_mse: 0.15615
3_steps_mse: 0.16032
4_steps_mse: 0.16475
reg_loss: 0.23036, scale_l2: 0.00500
contrastive_loss: 7.14892, contrastive_scale: 0.10000
model_loss: 0.63355, total_loss: 0.86391

09/24/2025 02:16:24 PM - CANDY Logger - INFO - Epoch 1, TRAIN
1_step_mse: 0.14019
2_steps_mse: 0.14402
3_steps_mse: 0.14814
4_steps_mse: 0.15252
reg_loss: 0.22902, scale_l2: 0.00500
contrastive_loss: 6.97761, contrastive_scale: 0.10000
model_loss: 0.58487, total_loss: 0.81389

09/24/2025 02:16:37 PM - CANDY Logger - INFO - Epoch 1, VALID
1_step_mse: 0.13179
2_steps_mse: 0.13521
3_steps_mse: 0.13895
4_steps_mse: 0.14291
reg_loss: 0.22634, scale_l2: 0.00500
contrastive_loss: 6.78683, contrastive_scale: 0.10000
model_loss: 0.54886, total_loss: 0.77521

09/24/2025 02:30:19 PM - CANDY Logger - INFO - Epoch 10, TRAIN
1_step_mse: 0.01998
2_steps_mse: 0.01975
3_steps_mse: 0.01953
4_steps_mse: 0.01936
reg_loss: 0.19857, scale_l2: 0.00500
contrastive_loss: 6.53005, contrastive_scale: 0.10000
model_loss: 0.07862, total_loss: 0.27719

09/24/2025 02:30:33 PM - CANDY Logger - INFO - Epoch 10, VALID
1_step_mse: 0.02193
2_steps_mse: 0.02190
3_steps_mse: 0.02188
4_steps_mse: 0.02193
reg_loss: 0.19636, scale_l2: 0.00500
contrastive_loss: 6.55160, contrastive_scale: 0.10000
model_loss: 0.08763, total_loss: 0.28399

09/24/2025 02:46:30 PM - CANDY Logger - INFO - Epoch 20, TRAIN
1_step_mse: 0.01818
2_steps_mse: 0.01775
3_steps_mse: 0.01731
4_steps_mse: 0.01691
reg_loss: 0.17287, scale_l2: 0.00500
contrastive_loss: 6.44685, contrastive_scale: 0.10000
model_loss: 0.07014, total_loss: 0.24301

09/24/2025 02:46:45 PM - CANDY Logger - INFO - Epoch 20, VALID
1_step_mse: 0.02039
2_steps_mse: 0.02009
3_steps_mse: 0.01978
4_steps_mse: 0.01953
reg_loss: 0.17147, scale_l2: 0.00500
contrastive_loss: 6.46257, contrastive_scale: 0.10000
model_loss: 0.07979, total_loss: 0.25126

09/24/2025 03:02:58 PM - CANDY Logger - INFO - Epoch 30, TRAIN
1_step_mse: 0.01812
2_steps_mse: 0.01773
3_steps_mse: 0.01735
4_steps_mse: 0.01702
reg_loss: 0.15488, scale_l2: 0.00500
contrastive_loss: 6.37287, contrastive_scale: 0.10000
model_loss: 0.07022, total_loss: 0.22510

09/24/2025 03:03:12 PM - CANDY Logger - INFO - Epoch 30, VALID
1_step_mse: 0.02057
2_steps_mse: 0.02029
3_steps_mse: 0.02001
4_steps_mse: 0.01978
reg_loss: 0.15394, scale_l2: 0.00500
contrastive_loss: 6.41241, contrastive_scale: 0.10000
model_loss: 0.08064, total_loss: 0.23459

09/24/2025 03:19:03 PM - CANDY Logger - INFO - Epoch 40, TRAIN
1_step_mse: 0.01814
2_steps_mse: 0.01769
3_steps_mse: 0.01724
4_steps_mse: 0.01683
reg_loss: 0.14240, scale_l2: 0.00500
contrastive_loss: 6.32440, contrastive_scale: 0.10000
model_loss: 0.06991, total_loss: 0.21231

09/24/2025 03:19:17 PM - CANDY Logger - INFO - Epoch 40, VALID
1_step_mse: 0.02059
2_steps_mse: 0.02029
3_steps_mse: 0.01996
4_steps_mse: 0.01969
reg_loss: 0.14164, scale_l2: 0.00500
contrastive_loss: 6.36485, contrastive_scale: 0.10000
model_loss: 0.08053, total_loss: 0.22217

