09/24/2025 03:26:04 PM - CANDY Logger - INFO - Epoch 0, TRAIN
1_step_mse: 0.16329
2_steps_mse: 0.16755
3_steps_mse: 0.17215
4_steps_mse: 0.17702
reg_loss: 0.24420, scale_l2: 0.00500
contrastive_loss: 9.51280, contrastive_scale: 0.10000
model_loss: 0.68002, total_loss: 0.92421

09/24/2025 03:26:19 PM - CANDY Logger - INFO - Epoch 0, VALID
1_step_mse: 0.15700
2_steps_mse: 0.16089
3_steps_mse: 0.16514
4_steps_mse: 0.16964
reg_loss: 0.24095, scale_l2: 0.00500
contrastive_loss: 7.46723, contrastive_scale: 0.10000
model_loss: 0.65268, total_loss: 0.89362

09/24/2025 03:28:18 PM - CANDY Logger - INFO - Epoch 1, TRAIN
1_step_mse: 0.14575
2_steps_mse: 0.14968
3_steps_mse: 0.15392
4_steps_mse: 0.15842
reg_loss: 0.23949, scale_l2: 0.00500
contrastive_loss: 7.27149, contrastive_scale: 0.10000
model_loss: 0.60778, total_loss: 0.84727

09/24/2025 03:28:34 PM - CANDY Logger - INFO - Epoch 1, VALID
1_step_mse: 0.13951
2_steps_mse: 0.14307
3_steps_mse: 0.14696
4_steps_mse: 0.15109
reg_loss: 0.23656, scale_l2: 0.00500
contrastive_loss: 6.99150, contrastive_scale: 0.10000
model_loss: 0.58064, total_loss: 0.81720

