09/24/2025 03:25:00 PM - CANDY Logger - INFO - Epoch 0, TRAIN
1_step_mse: 0.16033
2_steps_mse: 0.16451
3_steps_mse: 0.16902
4_steps_mse: 0.17381
reg_loss: 0.21191, scale_l2: 0.00500
contrastive_loss: 7.14100, contrastive_scale: 0.10000
model_loss: 0.66766, total_loss: 0.87957

09/24/2025 03:25:12 PM - CANDY Logger - INFO - Epoch 0, VALID
1_step_mse: 0.15293
2_steps_mse: 0.15673
3_steps_mse: 0.16088
4_steps_mse: 0.16528
reg_loss: 0.20874, scale_l2: 0.00500
contrastive_loss: 6.70116, contrastive_scale: 0.10000
model_loss: 0.63581, total_loss: 0.84455

09/24/2025 03:26:33 PM - CANDY Logger - INFO - Epoch 1, TRAIN
1_step_mse: 0.14075
2_steps_mse: 0.14456
3_steps_mse: 0.14866
4_steps_mse: 0.15301
reg_loss: 0.20728, scale_l2: 0.00500
contrastive_loss: 6.66764, contrastive_scale: 0.10000
model_loss: 0.58699, total_loss: 0.79427

09/24/2025 03:26:45 PM - CANDY Logger - INFO - Epoch 1, VALID
1_step_mse: 0.13373
2_steps_mse: 0.13716
3_steps_mse: 0.14090
4_steps_mse: 0.14486
reg_loss: 0.20431, scale_l2: 0.00500
contrastive_loss: 6.64882, contrastive_scale: 0.10000
model_loss: 0.55666, total_loss: 0.76097

