09/24/2025 01:28:30 PM - CANDY Logger - INFO - Epoch 0, TRAIN
1_step_mse: 0.16371
2_steps_mse: 0.16784
3_steps_mse: 0.17230
4_steps_mse: 0.17701
reg_loss: 0.20605, scale_l2: 0.00500
contrastive_loss: 7.29197, contrastive_scale: 0.10000
model_loss: 0.68086, total_loss: 0.88691

09/24/2025 01:28:43 PM - CANDY Logger - INFO - Epoch 0, VALID
1_step_mse: 0.15211
2_steps_mse: 0.15582
3_steps_mse: 0.15988
4_steps_mse: 0.16417
reg_loss: 0.20299, scale_l2: 0.00500
contrastive_loss: 6.79041, contrastive_scale: 0.10000
model_loss: 0.63197, total_loss: 0.83497

09/24/2025 01:30:10 PM - CANDY Logger - INFO - Epoch 1, TRAIN
1_step_mse: 0.13973
2_steps_mse: 0.14343
3_steps_mse: 0.14742
4_steps_mse: 0.15164
reg_loss: 0.20160, scale_l2: 0.00500
contrastive_loss: 6.73591, contrastive_scale: 0.10000
model_loss: 0.58222, total_loss: 0.78382

09/24/2025 01:30:24 PM - CANDY Logger - INFO - Epoch 1, VALID
1_step_mse: 0.12761
2_steps_mse: 0.13084
3_steps_mse: 0.13436
4_steps_mse: 0.13810
reg_loss: 0.19881, scale_l2: 0.00500
contrastive_loss: 6.66123, contrastive_scale: 0.10000
model_loss: 0.53092, total_loss: 0.72973

09/24/2025 01:44:40 PM - CANDY Logger - INFO - Epoch 10, TRAIN
1_step_mse: 0.01993
2_steps_mse: 0.01972
3_steps_mse: 0.01952
4_steps_mse: 0.01938
reg_loss: 0.16965, scale_l2: 0.00500
contrastive_loss: 6.56790, contrastive_scale: 0.10000
model_loss: 0.07854, total_loss: 0.24819

09/24/2025 01:44:53 PM - CANDY Logger - INFO - Epoch 10, VALID
1_step_mse: 0.02165
2_steps_mse: 0.02147
3_steps_mse: 0.02128
4_steps_mse: 0.02116
reg_loss: 0.16754, scale_l2: 0.00500
contrastive_loss: 6.57110, contrastive_scale: 0.10000
model_loss: 0.08557, total_loss: 0.25310

09/24/2025 02:03:42 PM - CANDY Logger - INFO - Epoch 20, TRAIN
1_step_mse: 0.01836
2_steps_mse: 0.01792
3_steps_mse: 0.01748
4_steps_mse: 0.01708
reg_loss: 0.14437, scale_l2: 0.00500
contrastive_loss: 6.49500, contrastive_scale: 0.10000
model_loss: 0.07085, total_loss: 0.21522

09/24/2025 02:03:58 PM - CANDY Logger - INFO - Epoch 20, VALID
1_step_mse: 0.02065
2_steps_mse: 0.02031
3_steps_mse: 0.01996
4_steps_mse: 0.01966
reg_loss: 0.14305, scale_l2: 0.00500
contrastive_loss: 6.51038, contrastive_scale: 0.10000
model_loss: 0.08058, total_loss: 0.22363

09/24/2025 02:21:35 PM - CANDY Logger - INFO - Epoch 30, TRAIN
1_step_mse: 0.01827
2_steps_mse: 0.01781
3_steps_mse: 0.01735
4_steps_mse: 0.01692
reg_loss: 0.12742, scale_l2: 0.00500
contrastive_loss: 6.42625, contrastive_scale: 0.10000
model_loss: 0.07035, total_loss: 0.19777

09/24/2025 02:21:48 PM - CANDY Logger - INFO - Epoch 30, VALID
1_step_mse: 0.02044
2_steps_mse: 0.02014
3_steps_mse: 0.01982
4_steps_mse: 0.01955
reg_loss: 0.12654, scale_l2: 0.00500
contrastive_loss: 6.44642, contrastive_scale: 0.10000
model_loss: 0.07995, total_loss: 0.20649

slurmstepd: error: *** JOB 6269187 ON sh04-15n13 CANCELLED AT 2025-09-24T14:33:41 DUE TO PREEMPTION ***
